<?xml version="1.0" encoding="UTF-8"?>
<testng-results ignored="0" total="1" passed="1" failed="0" skipped="0">
  <reporter-output>
  </reporter-output>
  <suite started-at="2019-09-26T12:53:27Z" name="Default suite" finished-at="2019-09-26T12:53:31Z" duration-ms="4837">
    <groups>
    </groups>
    <test started-at="2019-09-26T12:53:27Z" name="Default test" finished-at="2019-09-26T12:53:31Z" duration-ms="4837">
      <class name="com.upgrade.qa.restapi.test.PostApiTestingRestAssured">
        <test-method is-config="true" signature="setUp()[pri:0, instance:com.upgrade.qa.restapi.test.PostApiTestingRestAssured@5524cca1]" started-at="2019-09-26T08:53:27Z" name="setUp" finished-at="2019-09-26T08:53:27Z" duration-ms="822" status="PASS">
          <reporter-output>
          </reporter-output>
        </test-method> <!-- setUp -->
        <test-method signature="postApiTest()[pri:0, instance:com.upgrade.qa.restapi.test.PostApiTestingRestAssured@5524cca1]" started-at="2019-09-26T08:53:27Z" name="postApiTest" finished-at="2019-09-26T08:53:31Z" duration-ms="3973" status="PASS">
          <reporter-output>
          </reporter-output>
        </test-method> <!-- postApiTest -->
      </class> <!-- com.upgrade.qa.restapi.test.PostApiTestingRestAssured -->
    </test> <!-- Default test -->
  </suite> <!-- Default suite -->
</testng-results>
