<?xml version="1.0" encoding="UTF-8"?>
<!-- Generated by org.testng.reporters.JUnitXMLReporter -->
<testsuite ignored="0" hostname="Alekhyas-MacBook-Air.local" failures="3" tests="7" name="Upgrade Loan UI Test Client" time="101.239" errors="0" timestamp="25 Sep. 2019 01:42:35 GMT">
  <testcase classname="com.upgrade.qa.testcases.StartPageTest" name="checkYouRate" time="3.153"/>
  <testcase classname="com.upgrade.qa.testcases.OfferPageTest" name="clickSignOut" time="10.034"/>
  <testcase classname="com.upgrade.qa.testcases.OfferPageTest" name="clickSignOut" time="5.753">
    <failure type="java.lang.Exception" message="DOB entered is not within valid range!!">
      <![CDATA[java.lang.Exception: DOB entered is not within valid range!!
	at com.upgrade.qa.testcases.OfferPageTest.clickSignOut(OfferPageTest.java:82)
... Removed 25 stack frames]]>
    </failure>
  </testcase> <!-- clickSignOut -->
  <testcase classname="com.upgrade.qa.testcases.InformationPageTest" name="clickOnCheckYourRateBtn" time="5.556"/>
  <testcase classname="com.upgrade.qa.testcases.InformationPageTest" name="clickOnCheckYourRateBtn" time="5.438">
    <failure type="java.lang.Exception" message="DOB entered is not within valid range!!">
      <![CDATA[java.lang.Exception: DOB entered is not within valid range!!
	at com.upgrade.qa.testcases.InformationPageTest.clickOnCheckYourRateBtn(InformationPageTest.java:77)
... Removed 25 stack frames]]>
    </failure>
  </testcase> <!-- clickOnCheckYourRateBtn -->
  <testcase classname="com.upgrade.qa.testcases.LoginPageTest" name="clickSignIn" time="14.42"/>
  <testcase classname="com.upgrade.qa.testcases.LoginPageTest" name="clickSignIn" time="5.737">
    <failure type="java.lang.Exception" message="DOB entered is not within valid range!!">
      <![CDATA[java.lang.Exception: DOB entered is not within valid range!!
	at com.upgrade.qa.testcases.LoginPageTest.clickSignIn(LoginPageTest.java:84)
... Removed 25 stack frames]]>
    </failure>
  </testcase> <!-- clickSignIn -->
</testsuite> <!-- Upgrade Loan UI Test Client -->
